<?xml version="1.0" encoding="UTF-8"?>
<!-- Generated by org.testng.reporters.JUnitReportReporter -->
<testsuite hostname="APPIATECH-MHMI" failures="0" tests="1" name="com.ea.FirstAutomationTest" time="5.612" errors="0" timestamp="2021-10-08T11:05:03 EEST" skipped="0">
  <testcase classname="com.ea.FirstAutomationTest" name="swTestAcademyTitleTest" time="5.612"/>
  <system-out/>
</testsuite> <!-- com.ea.FirstAutomationTest -->
